# JRE version: Java(TM) SE Runtime Environment (8.0_65-b17) (build 1.8.0_65-b17)
# Java VM: Java HotSpot(TM) 64-Bit Server VM (25.65-b01 mixed mode windows-amd64 compressed oops)
Heap:
 PSYoungGen      total 38400K, used 9919K [0x00000000d5d80000, 0x00000000d8800000, 0x0000000100000000)
  eden space 33280K, 14% used [0x00000000d5d80000,0x00000000d62366a0,0x00000000d7e00000)
  from space 5120K, 99% used [0x00000000d7e00000,0x00000000d82f9908,0x00000000d8300000)
  to   space 5120K, 0% used [0x00000000d8300000,0x00000000d8300000,0x00000000d8800000)
 ParOldGen       total 67072K, used 2476K [0x0000000081800000, 0x0000000085980000, 0x00000000d5d80000)
  object space 67072K, 3% used [0x0000000081800000,0x0000000081a6b350,0x0000000085980000)
 Metaspace       used 12476K, capacity 12662K, committed 12928K, reserved 1064960K
  class space    used 1567K, capacity 1641K, committed 1664K, reserved 1048576K
GC Heap History (8 events):
Event: 3.461 GC heap before
{Heap before GC invocations=1 (full 0):
 PSYoungGen      total 38400K, used 4680K [0x00000000d5d80000, 0x00000000d8800000, 0x0000000100000000)
  eden space 33280K, 14% used [0x00000000d5d80000,0x00000000d6212310,0x00000000d7e00000)
  from space 5120K, 0% used [0x00000000d8300000,0x00000000d8300000,0x00000000d8800000)
  to   space 5120K, 0% used [0x00000000d7e00000,0x00000000d7e00000,0x00000000d8300000)
 ParOldGen       total 87552K, used 0K [0x0000000081800000, 0x0000000086d80000, 0x00000000d5d80000)
  object space 87552K, 0% used [0x0000000081800000,0x0000000081800000,0x0000000086d80000)
 Metaspace       used 3380K, capacity 4772K, committed 4864K, reserved 1060864K
  class space    used 359K, capacity 464K, committed 512K, reserved 1048576K
Event: 3.463 GC heap after
Heap after GC invocations=1 (full 0):
 PSYoungGen      total 38400K, used 1263K [0x00000000d5d80000, 0x00000000d8800000, 0x0000000100000000)
  eden space 33280K, 0% used [0x00000000d5d80000,0x00000000d5d80000,0x00000000d7e00000)
  from space 5120K, 24% used [0x00000000d7e00000,0x00000000d7f3bf70,0x00000000d8300000)
  to   space 5120K, 0% used [0x00000000d8300000,0x00000000d8300000,0x00000000d8800000)
 ParOldGen       total 87552K, used 8K [0x0000000081800000, 0x0000000086d80000, 0x00000000d5d80000)
  object space 87552K, 0% used [0x0000000081800000,0x0000000081802000,0x0000000086d80000)
 Metaspace       used 3380K, capacity 4772K, committed 4864K, reserved 1060864K
  class space    used 359K, capacity 464K, committed 512K, reserved 1048576K
}
Event: 3.463 GC heap before
{Heap before GC invocations=2 (full 1):
 PSYoungGen      total 38400K, used 1263K [0x00000000d5d80000, 0x00000000d8800000, 0x0000000100000000)
  eden space 33280K, 0% used [0x00000000d5d80000,0x00000000d5d80000,0x00000000d7e00000)
  from space 5120K, 24% used [0x00000000d7e00000,0x00000000d7f3bf70,0x00000000d8300000)
  to   space 5120K, 0% used [0x00000000d8300000,0x00000000d8300000,0x00000000d8800000)
 ParOldGen       total 87552K, used 8K [0x0000000081800000, 0x0000000086d80000, 0x00000000d5d80000)
  object space 87552K, 0% used [0x0000000081800000,0x0000000081802000,0x0000000086d80000)
 Metaspace       used 3380K, capacity 4772K, committed 4864K, reserved 1060864K
  class space    used 359K, capacity 464K, committed 512K, reserved 1048576K
Event: 3.519 GC heap after
Heap after GC invocations=2 (full 1):
 PSYoungGen      total 38400K, used 0K [0x00000000d5d80000, 0x00000000d8800000, 0x0000000100000000)
  eden space 33280K, 0% used [0x00000000d5d80000,0x00000000d5d80000,0x00000000d7e00000)
  from space 5120K, 0% used [0x00000000d7e00000,0x00000000d7e00000,0x00000000d8300000)
  to   space 5120K, 0% used [0x00000000d8300000,0x00000000d8300000,0x00000000d8800000)
 ParOldGen       total 67072K, used 1143K [0x0000000081800000, 0x0000000085980000, 0x00000000d5d80000)
  object space 67072K, 1% used [0x0000000081800000,0x000000008191ded0,0x0000000085980000)
 Metaspace       used 3380K, capacity 4772K, committed 4864K, reserved 1058816K
  class space    used 359K, capacity 464K, committed 512K, reserved 1048576K
}
Event: 5.626 GC heap before
{Heap before GC invocations=3 (full 1):
 PSYoungGen      total 38400K, used 33280K [0x00000000d5d80000, 0x00000000d8800000, 0x0000000100000000)
  eden space 33280K, 100% used [0x00000000d5d80000,0x00000000d7e00000,0x00000000d7e00000)
  from space 5120K, 0% used [0x00000000d7e00000,0x00000000d7e00000,0x00000000d8300000)
  to   space 5120K, 0% used [0x00000000d8300000,0x00000000d8300000,0x00000000d8800000)
 ParOldGen       total 67072K, used 1143K [0x0000000081800000, 0x0000000085980000, 0x00000000d5d80000)
  object space 67072K, 1% used [0x0000000081800000,0x000000008191ded0,0x0000000085980000)
 Metaspace       used 8433K, capacity 8612K, committed 8832K, reserved 1060864K
  class space    used 1021K, capacity 1084K, committed 1152K, reserved 1048576K
Event: 5.716 GC heap after
Heap after GC invocations=3 (full 1):
 PSYoungGen      total 38400K, used 4662K [0x00000000d5d80000, 0x00000000d8800000, 0x0000000100000000)
  eden space 33280K, 0% used [0x00000000d5d80000,0x00000000d5d80000,0x00000000d7e00000)
  from space 5120K, 91% used [0x00000000d8300000,0x00000000d878d800,0x00000000d8800000)
  to   space 5120K, 0% used [0x00000000d7e00000,0x00000000d7e00000,0x00000000d8300000)
 ParOldGen       total 67072K, used 1151K [0x0000000081800000, 0x0000000085980000, 0x00000000d5d80000)
  object space 67072K, 1% used [0x0000000081800000,0x000000008191fed0,0x0000000085980000)
 Metaspace       used 8433K, capacity 8612K, committed 8832K, reserved 1060864K
  class space    used 1021K, capacity 1084K, committed 1152K, reserved 1048576K
}
Event: 7.512 GC heap before
{Heap before GC invocations=4 (full 1):
 PSYoungGen      total 38400K, used 37942K [0x00000000d5d80000, 0x00000000d8800000, 0x0000000100000000)
  eden space 33280K, 100% used [0x00000000d5d80000,0x00000000d7e00000,0x00000000d7e00000)
  from space 5120K, 91% used [0x00000000d8300000,0x00000000d878d800,0x00000000d8800000)
  to   space 5120K, 0% used [0x00000000d7e00000,0x00000000d7e00000,0x00000000d8300000)
 ParOldGen       total 67072K, used 1151K [0x0000000081800000, 0x0000000085980000, 0x00000000d5d80000)
  object space 67072K, 1% used [0x0000000081800000,0x000000008191fed0,0x0000000085980000)
 Metaspace       used 11941K, capacity 12214K, committed 12416K, reserved 1064960K
  class space    used 1483K, capacity 1577K, committed 1664K, reserved 1048576K
Event: 7.533 GC heap after
Heap after GC invocations=4 (full 1):
 PSYoungGen      total 38400K, used 5094K [0x00000000d5d80000, 0x00000000d8800000, 0x0000000100000000)
  eden space 33280K, 0% used [0x00000000d5d80000,0x00000000d5d80000,0x00000000d7e00000)
  from space 5120K, 99% used [0x00000000d7e00000,0x00000000d82f9908,0x00000000d8300000)
  to   space 5120K, 0% used [0x00000000d8300000,0x00000000d8300000,0x00000000d8800000)
 ParOldGen       total 67072K, used 2476K [0x0000000081800000, 0x0000000085980000, 0x00000000d5d80000)
  object space 67072K, 3% used [0x0000000081800000,0x0000000081a6b350,0x0000000085980000)
 Metaspace       used 11941K, capacity 12214K, committed 12416K, reserved 1064960K
  class space    used 1483K, capacity 1577K, committed 1664K, reserved 1048576K
}

